2026-01-22 09:58:11.723 - DBeaver 25.3.3.202601181752 is starting
2026-01-22 09:58:11.724 - OS: Windows 11 10.0 (amd64)
2026-01-22 09:58:11.724 - Java version: 21.0.8 by Eclipse Adoptium (64bit)
2026-01-22 09:58:11.724 - Install path: 'C:\Users\adminn\AppData\Local\DBeaver'
2026-01-22 09:58:11.724 - Instance path: 'file:/C:/study/2. Database/'
2026-01-22 09:58:11.726 - Memory available 64Mb/1024Mb
2026-01-22 09:58:11.733 - Create display
2026-01-22 09:58:11.826 - Initialize desktop platform...
2026-01-22 09:58:11.919 - BounceCastle bundle found. Use JCE provider BC
> Start Core File Systems [org.eclipse.core.filesystem 1.11.400.v20251107-0507]
> Start Core Resource Management [org.eclipse.core.resources 3.23.100.v20251106-1705]
> Start 팀 지원 핵심 [org.eclipse.team.core 3.10.900.v20251104-0924]
> Start DBeaver UI Navigator [org.jkiss.dbeaver.ui.navigator 1.0.171.202601181752]
> Start JFace 텍스트 [org.eclipse.jface.text 3.29.0.v20251112-0859]
Warning: NLS unused message: WorkbenchPreference_reuseEditorsThreshold in: org.eclipse.ui.internal.messages
Warning: NLS unused message: 이유 in: org.eclipse.ui.internal.messages
2026-01-22 09:58:12.148 - Initialize base platform...
2026-01-22 09:58:12.156 - Platform initialized (330ms)
> Start Equinox Java Authentication and Authorization Service (JAAS) [org.eclipse.equinox.security 1.4.700.v20250622-1644]
> Start 인터넷 연결 관리 사용자 인터페이스 [org.eclipse.ui.net 1.5.500.v20250611-0855]
> Start Internet Connection Management [org.eclipse.core.net 1.5.800.v20250613-1119]
2026-01-22 09:58:12.183 - Proxy service 'org.eclipse.core.net.proxy.IProxyService' loaded
2026-01-22 09:58:12.209 - Starting instance server at http://localhost:52714
2026-01-22 09:58:12.213 - Run workbench
> Start Eclipse IDE UI [org.eclipse.ui.ide 3.22.800.v20251112-0859]
> Start Eclipse e4 작업영역 SWT [org.eclipse.e4.ui.workbench.swt 0.17.1000.v20251023-0611]
> Start Eclipse Application Services [org.eclipse.e4.core.services 2.5.300.v20251112-1253]
> Start Eclipse UI Application Services [org.eclipse.e4.ui.services 1.6.600.v20251023-1358]
> Start Eclipse e4 Progress View [org.eclipse.e4.ui.progress 0.4.900.v20251023-1511]
> Start Eclipse Bindings Support [org.eclipse.e4.ui.bindings 0.14.800.v20250916-0937]
> Start Eclipse e4 core commands [org.eclipse.e4.core.commands 1.1.700.v20250916-0927]
> Start EMF XML/XMI Persistence [org.eclipse.emf.ecore.xmi 2.39.0.v20250910-1205]
> Start Eclipse CSS SWT Theme Support [org.eclipse.e4.ui.css.swt.theme 0.14.600.v20251023-0615]
> Start Eclipse e4 작업영역 기능 추가 [org.eclipse.e4.ui.workbench.addons.swt 1.5.900.v20251007-0832]
> Start Eclipse e4 작업영역 SWT 렌더러 [org.eclipse.e4.ui.workbench.renderers.swt 0.16.1000.v20251114-0005]
> Start Eclipse Dependency Injection Extensions [org.eclipse.e4.core.di.extensions 0.18.300.v20240413-1529]
> Start DBeaver AI Model [org.jkiss.dbeaver.model.ai 2.0.14.202601181752]
> Start DBeaver AI UI [org.jkiss.dbeaver.ui.ai 1.0.73.202601181752]
> Start Eclipse CSS SWT Support [org.eclipse.e4.ui.css.swt 0.15.700.v20251023-1511]
2026-01-22 09:58:13.178 - Configure workbench window
> Start DBeaver SQL Model [org.jkiss.dbeaver.model.sql 1.0.161.202601181752]
2026-01-22 09:58:13.318 - Total database drivers: 127 (127)
> Start 도움말 시스템 코어 [org.eclipse.help 3.10.600.v20250613-0437]
2026-01-22 09:58:13.400 - Create actions
> Start 기본 문서 편집기 [org.eclipse.ui.editors 3.20.200.v20251125-0939]
> Start 텍스트 편집기 프레임워크 [org.eclipse.ui.workbench.texteditor 3.19.400.v20251105-0815]
2026-01-22 09:58:14.463 - Initialize workbench window
2026-01-22 09:58:14.472 - Finish initialization
> Start DBeaver UI Editors - Data [org.jkiss.dbeaver.ui.editors.data 1.0.171.202601181752]
> Start DBeaver UI Editors - SQL [org.jkiss.dbeaver.ui.editors.sql 1.0.171.202601181752]
> Start DBeaver Dashboard UI [org.jkiss.dbeaver.ui.dashboard 1.0.168.202601181752]
> Start GEF Classic Draw2d [org.eclipse.draw2d 3.21.0.202512020742]
> Start GEF Classic GEF (MVC) [org.eclipse.gef 3.24.0.202511201732]
> Start DBeaver ERD UI [org.jkiss.dbeaver.ui.editors.erd 3.1.12.202601181752]
> Start DBeaver ERD Model [org.jkiss.dbeaver.model.erd 1.1.12.202601181752]
> Start DBeaver Sample Database [org.jkiss.dbeaver.ui.config.sample 1.0.208.202601181752]
> Start DBeaver JDBC Model [org.jkiss.dbeaver.model.jdbc 1.0.64.202601181752]
> Start DBeaver Generic Plug-in [org.jkiss.dbeaver.ext.generic 2.3.257.202601181752]
> Start DBeaver SQLite Model [org.jkiss.dbeaver.ext.sqlite 1.0.220.202601181752]
2026-01-22 09:58:33.510 - Open [https://dbeaver.io/product/version.xml]
2026-01-22 09:58:38.866 - Open [https://repo1.maven.org/maven2/org/xerial/sqlite-jdbc/maven-metadata.xml]
2026-01-22 09:58:39.064 - Open [https://repo1.maven.org/maven2/org/xerial/sqlite-jdbc/3.51.1.0/sqlite-jdbc-3.51.1.0.pom]
2026-01-22 09:58:39.107 - Open [https://repo1.maven.org/maven2/org/junit/junit-bom/5.12.2/junit-bom-5.12.2.pom]
2026-01-22 09:58:41.859 - Connect with 'DBeaver Sample Database (SQLite)' (dbeaver-sample-database-sqlite-1)
2026-01-22 09:58:41.898 - Execution context opened (DBeaver Sample Database (SQLite); Main; 0)
> Start DBeaver MySQL UI Support [org.jkiss.dbeaver.ext.mysql.ui 1.0.163.202601181752]
> Start DBeaver MySQL Support [org.jkiss.dbeaver.ext.mysql 2.1.256.202601181752]
2026-01-22 09:59:05.290 - Service 'org.jkiss.dbeaver.ui.UIServiceConnectionEditor' not found
2026-01-22 09:59:05.322 - Service 'org.jkiss.dbeaver.runtime.ui.UIServiceSecurity' not found
2026-01-22 09:59:15.962 - Open [https://repo1.maven.org/maven2/com/mysql/mysql-connector-j/8.2.0/mysql-connector-j-8.2.0.pom]
2026-01-22 09:59:16.055 - Open [https://repo1.maven.org/maven2/com/google/protobuf/protobuf-java/3.21.9/protobuf-java-3.21.9.pom]
2026-01-22 09:59:16.092 - Open [https://repo1.maven.org/maven2/com/google/protobuf/protobuf-parent/3.21.9/protobuf-parent-3.21.9.pom]
2026-01-22 09:59:16.128 - Open [https://repo1.maven.org/maven2/com/google/protobuf/protobuf-bom/3.21.9/protobuf-bom-3.21.9.pom]
2026-01-22 09:59:17.389 - Open [https://repo1.maven.org/maven2/com/mysql/mysql-connector-j/8.2.0/mysql-connector-j-8.2.0.jar]
2026-01-22 09:59:17.520 - Open [https://repo1.maven.org/maven2/com/google/protobuf/protobuf-java/3.21.9/protobuf-java-3.21.9.jar]
2026-01-22 09:59:37.281 - Connect with 'localhost' (mysql8-19be3364caf-49ae01c9d4515f81)
2026-01-22 09:59:37.286 - Execution context opened (localhost; Main; 1)
> Start DBeaver GIS Support [org.jkiss.dbeaver.data.gis 1.0.195.202601181752]
2026-01-22 09:59:37.383 - Execution context opened (localhost; Metadata; 2)
2026-01-22 09:59:37.438 - Connected (mysql8-19be3364caf-49ae01c9d4515f81, MySQL Connector/J [mysql-connector-j-8.2.0 (Revision: 06a1f724497fd81c6a659131fda822c9e5085b6c)])
Warning: NLS unused message: FindReplace_RegExCheckbox_label in: org.eclipse.ui.texteditor.EditorMessages
Warning: NLS unused message: FindReplace_WrapCheckBox_label in: org.eclipse.ui.texteditor.EditorMessages
Warning: NLS unused message: FindReplace_IncrementalCheckBox_label in: org.eclipse.ui.texteditor.EditorMessages
Warning: NLS unused message: FindReplace_Options in: org.eclipse.ui.texteditor.EditorMessages
Warning: NLS unused message: FindReplace_ReplaceSelectionButton_label in: org.eclipse.ui.texteditor.EditorMessages
Warning: NLS unused message: FindReplace_SelectedRangeRadioButton_label in: org.eclipse.ui.texteditor.EditorMessages
Warning: NLS unused message: FindReplace_SelectAllButton_label in: org.eclipse.ui.texteditor.EditorMessages
Warning: NLS unused message: FindReplace_GlobalRadioButton_label in: org.eclipse.ui.texteditor.EditorMessages
Warning: NLS unused message: FindReplace_WholeWordCheckBox_label in: org.eclipse.ui.texteditor.EditorMessages
Warning: NLS unused message: FindReplace_ReplaceFindButton_label in: org.eclipse.ui.texteditor.EditorMessages
Warning: NLS unused message: FindReplace_BackwardRadioButton_label in: org.eclipse.ui.texteditor.EditorMessages
Warning: NLS unused message: FindReplace_CloseButton_label in: org.eclipse.ui.texteditor.EditorMessages
Warning: NLS unused message: FindReplace_Replace_label in: org.eclipse.ui.texteditor.EditorMessages
Warning: NLS unused message: FindReplace_CaseCheckBox_label in: org.eclipse.ui.texteditor.EditorMessages
Warning: NLS unused message: FindReplace_Status_replacements_label in: org.eclipse.ui.texteditor.EditorMessages
Warning: NLS unused message: FindReplace_title in: org.eclipse.ui.texteditor.EditorMessages
Warning: NLS unused message: FindReplace_Direction in: org.eclipse.ui.texteditor.EditorMessages
Warning: NLS unused message: FindReplace_ReplaceAllButton_label in: org.eclipse.ui.texteditor.EditorMessages
Warning: NLS unused message: FindReplace_Scope in: org.eclipse.ui.texteditor.EditorMessages
Warning: NLS unused message: FindReplace_Find_label in: org.eclipse.ui.texteditor.EditorMessages
Warning: NLS unused message: FindReplace_ForwardRadioButton_label in: org.eclipse.ui.texteditor.EditorMessages
Warning: NLS unused message: FindReplace_FindNextButton_label in: org.eclipse.ui.texteditor.EditorMessages
> Start DBeaver SQL Terminal [org.jkiss.dbeaver.ui.editors.sql.terminal 1.0.147.202601181752]
> Start 핵심 비교 지원 [org.eclipse.compare.core 3.8.800.v20250718-1505]
> Start 콘솔 [org.eclipse.ui.console 3.15.0.v20251113-1013]
> Start 디버그 핵심 [org.eclipse.debug.core 3.23.200.v20251107-0507]
2026-01-22 10:00:08.004 - Execution context opened (localhost; SQLEditor <Script.sql>; 3)
> Start DBeaver Tasks - Native Tools UI [org.jkiss.dbeaver.tasks.native.ui 1.0.149.202601181752]
> Start DBeaver Tasks - General UI [org.jkiss.dbeaver.tasks.ui 1.0.149.202601181752]
2026-01-22 10:19:04.870 - Execution context opened (localhost; SQLEditor <Console>; 4)
> Start DBeaver SQL Language Semantic Model [org.jkiss.dbeaver.model.lsm 1.0.66.202601181752]
2026-01-22 10:27:33.654 - Execution context closed (localhost, 4)
> Start DBeaver Data Transfer [org.jkiss.dbeaver.data.transfer 2.0.155.202601181752]
2026-01-22 12:06:13.924 - Execution context opened (localhost; SQLEditor <Script-1.sql>; 5)
2026-01-22 13:34:52.453 - Execution context opened (localhost; SQLEditor <Script-1.sql>; 6)
2026-01-22 13:40:35.581 - Table 'employees.member_notnull' not found in metadata catalog
2026-01-22 13:40:35.581 - Table 'employees.member_notnull' not found in metadata catalog
2026-01-22 13:40:35.581 - Table 'employees.member_notnull' not found in metadata catalog
2026-01-22 13:40:35.581 - Table 'employees.member_notnull' not found in metadata catalog
2026-01-22 13:40:35.581 - Table 'employees.member_notnull' not found in metadata catalog
2026-01-22 13:45:37.147 - Table 'employees.member_notnull' not found in metadata catalog
2026-01-22 13:45:37.147 - Table 'employees.member_notnull' not found in metadata catalog
2026-01-22 13:45:37.149 - Table 'employees.member_notnull' not found in metadata catalog
2026-01-22 13:45:37.149 - Table 'employees.member_notnull' not found in metadata catalog
2026-01-22 13:45:37.149 - Table 'employees.member_notnull' not found in metadata catalog
2026-01-22 13:54:44.852 - Table 'employees.member_check' not found in metadata catalog
2026-01-22 14:00:30.710 - Table 'employees.member_default' not found in metadata catalog
2026-01-22 14:00:30.710 - Table 'employees.member_default' not found in metadata catalog
2026-01-22 14:03:01.622 - Table 'employees.member_default' not found in metadata catalog
2026-01-22 14:03:01.623 - Table 'employees.member_default' not found in metadata catalog
2026-01-22 14:03:50.173 - Table 'employees.member_default' not found in metadata catalog
2026-01-22 14:03:50.173 - Table 'employees.member_default' not found in metadata catalog
2026-01-22 14:05:59.820 - Table 'employees.member_default' not found in metadata catalog
2026-01-22 14:05:59.821 - Table 'employees.member_default' not found in metadata catalog
2026-01-22 14:15:48.849 - Table 'employees.member_pk' not found in metadata catalog
2026-01-22 14:15:48.849 - Table 'employees.member_pk' not found in metadata catalog
2026-01-22 14:15:58.604 - Table 'employees.member_pk' not found in metadata catalog
2026-01-22 14:15:58.605 - Table 'employees.member_pk' not found in metadata catalog
2026-01-22 14:16:39.627 - Table 'employees.member_pk' not found in metadata catalog
2026-01-22 14:16:39.627 - Table 'employees.member_pk' not found in metadata catalog
2026-01-22 14:40:29.126 - Error while analyzing query text: CREATE TABLE board_foreign(
	board_foreign_id int PRIMARY KEY AUTO_INCREMENT,
	title varchar(300),
	writer_id int REFERENCES member_primary(member_primary_id)
)
java.lang.IllegalStateException: Rows data was not resolved yet
	at org.jkiss.dbeaver.model.sql.semantics.model.select.SQLQueryRowsSourceModel.getRowsDataContext(SQLQueryRowsSourceModel.java:52)
	at org.jkiss.dbeaver.model.sql.semantics.model.ddl.SQLQueryColumnConstraintSpec.propagateForReferencedEntity(SQLQueryColumnConstraintSpec.java:118)
	at org.jkiss.dbeaver.model.sql.semantics.model.ddl.SQLQueryColumnConstraintSpec.resolveRelations(SQLQueryColumnConstraintSpec.java:91)
	at org.jkiss.dbeaver.model.sql.semantics.model.ddl.SQLQueryColumnSpec.resolveRelations(SQLQueryColumnSpec.java:114)
	at org.jkiss.dbeaver.model.sql.semantics.model.ddl.SQLQueryTableCreateModel.resolveObjectAndRowsReferences(SQLQueryTableCreateModel.java:135)
	at org.jkiss.dbeaver.model.sql.semantics.model.SQLQueryModel.resolveRelations(SQLQueryModel.java:72)
	at org.jkiss.dbeaver.model.sql.semantics.SQLQueryModelRecognizer.recognizeQuery(SQLQueryModelRecognizer.java:154)
	at org.jkiss.dbeaver.model.sql.semantics.SQLQueryModelRecognizer.recognizeQuery(SQLQueryModelRecognizer.java:1026)
	at org.jkiss.dbeaver.ui.editors.sql.semantics.SQLBackgroundParsingJob.doWork(SQLBackgroundParsingJob.java:606)
	at org.jkiss.dbeaver.ui.editors.sql.semantics.SQLBackgroundParsingJob$1.run(SQLBackgroundParsingJob.java:86)
	at org.jkiss.dbeaver.model.runtime.AbstractJob.run(AbstractJob.java:110)
	at org.eclipse.core.internal.jobs.Worker.run(Worker.java:63)
2026-01-22 14:41:36.588 - Table 'employees.member_primary' not found in metadata catalog
2026-01-22 14:41:36.588 - Table 'employees.member_primary' not found in metadata catalog
2026-01-22 14:44:15.679 - Table 'employees.board_foreign' not found in metadata catalog
2026-01-22 14:44:15.679 - Table 'employees.board_foreign' not found in metadata catalog
2026-01-22 14:44:15.680 - Table 'employees.board_foreign' not found in metadata catalog
2026-01-22 14:44:56.921 - Table 'employees.board_foreign' not found in metadata catalog
2026-01-22 14:44:56.922 - Table 'employees.board_foreign' not found in metadata catalog
2026-01-22 14:44:56.922 - Table 'employees.board_foreign' not found in metadata catalog
2026-01-22 14:45:02.379 - Table 'employees.member_primary' not found in metadata catalog
2026-01-22 14:45:02.379 - Table 'employees.member_primary' not found in metadata catalog
2026-01-22 14:45:17.237 - Object 'board_foreign' not found in struct cache ()
2026-01-22 14:45:17.237 - Object 'member_default' not found in struct cache ()
2026-01-22 14:45:17.237 - Object 'member_check' not found in struct cache ()
2026-01-22 14:45:17.237 - Object 'member_notnull' not found in struct cache ()
2026-01-22 14:45:17.237 - Object 'member_pk' not found in struct cache ()
2026-01-22 14:45:17.238 - Object 'member_primary' not found in struct cache ()
2026-01-22 14:45:17.238 - Object 'member_unique' not found in struct cache ()
2026-01-22 14:45:17.238 - Object 'board_foreign' not found in struct cache ()
2026-01-22 14:45:17.238 - Object 'member_default' not found in struct cache ()
2026-01-22 14:45:17.238 - Object 'member_notnull' not found in struct cache ()
2026-01-22 14:45:17.238 - Object 'member_pk' not found in struct cache ()
2026-01-22 14:45:17.238 - Object 'member_primary' not found in struct cache ()
2026-01-22 14:45:17.238 - Object 'member_unique' not found in struct cache ()
2026-01-22 14:45:17.238 - Object 'board_foreign' not found in struct cache ()
2026-01-22 14:45:17.238 - Object 'member_notnull' not found in struct cache ()
2026-01-22 14:45:17.239 - Object 'member_notnull' not found in struct cache ()
2026-01-22 14:45:17.239 - Object 'member_notnull' not found in struct cache ()
2026-01-22 14:45:17.242 - Object 'id' owner 'member_unique' not found
2026-01-22 14:45:17.242 - Object 'PRIMARY' owner 'board_foreign' not found
2026-01-22 14:45:17.242 - Object 'PRIMARY' owner 'member_pk' not found
2026-01-22 14:45:17.242 - Object 'PRIMARY' owner 'member_primary' not found
2026-01-22 14:45:17.245 - Object 'member_check_chk_1' owner 'member_check' not found
2026-01-22 14:45:42.792 - Object 'id' owner 'member_unique' not found
2026-01-22 14:45:42.792 - Object 'PRIMARY' owner 'board_foreign' not found
2026-01-22 14:45:42.792 - Object 'PRIMARY' owner 'member_pk' not found
2026-01-22 14:45:42.792 - Object 'PRIMARY' owner 'member_primary' not found
2026-01-22 14:45:42.793 - Object 'member_check_chk_1' owner 'member_check' not found
2026-01-22 14:45:42.886 - Source or target node not found
2026-01-22 14:45:42.886 - Source or target node not found
2026-01-22 14:45:42.886 - Source or target node not found
2026-01-22 14:45:42.886 - Source or target node not found
2026-01-22 14:45:42.886 - Source or target node not found
2026-01-22 14:45:42.886 - Source or target node not found
2026-01-22 14:45:42.951 - Object 'id' owner 'member_unique' not found
2026-01-22 14:45:42.952 - Object 'PRIMARY' owner 'board_foreign' not found
2026-01-22 14:45:42.952 - Object 'PRIMARY' owner 'member_pk' not found
2026-01-22 14:45:42.952 - Object 'PRIMARY' owner 'member_primary' not found
2026-01-22 14:45:42.953 - Object 'member_check_chk_1' owner 'member_check' not found
2026-01-22 14:45:43.040 - Source or target node not found
2026-01-22 14:45:43.040 - Source or target node not found
2026-01-22 14:45:43.040 - Source or target node not found
2026-01-22 14:45:43.040 - Source or target node not found
2026-01-22 14:45:43.041 - Source or target node not found
2026-01-22 14:45:43.041 - Source or target node not found
2026-01-22 14:45:43.102 - Object 'id' owner 'member_unique' not found
2026-01-22 14:45:43.102 - Object 'PRIMARY' owner 'board_foreign' not found
2026-01-22 14:45:43.102 - Object 'PRIMARY' owner 'member_pk' not found
2026-01-22 14:45:43.102 - Object 'PRIMARY' owner 'member_primary' not found
2026-01-22 14:45:43.103 - Object 'member_check_chk_1' owner 'member_check' not found
2026-01-22 14:45:43.190 - Source or target node not found
2026-01-22 14:45:43.202 - Source or target node not found
2026-01-22 14:45:43.202 - Source or target node not found
2026-01-22 14:45:43.202 - Source or target node not found
2026-01-22 14:45:43.202 - Source or target node not found
2026-01-22 14:45:43.202 - Source or target node not found
2026-01-22 14:45:43.260 - Object 'id' owner 'member_unique' not found
2026-01-22 14:45:43.260 - Object 'PRIMARY' owner 'board_foreign' not found
2026-01-22 14:45:43.260 - Object 'PRIMARY' owner 'member_pk' not found
2026-01-22 14:45:43.260 - Object 'PRIMARY' owner 'member_primary' not found
2026-01-22 14:45:43.262 - Object 'member_check_chk_1' owner 'member_check' not found
2026-01-22 14:45:43.348 - Source or target node not found
2026-01-22 14:45:43.349 - Source or target node not found
2026-01-22 14:45:43.349 - Source or target node not found
2026-01-22 14:45:43.349 - Source or target node not found
2026-01-22 14:45:43.349 - Source or target node not found
2026-01-22 14:45:43.349 - Source or target node not found
2026-01-22 14:45:43.405 - Object 'id' owner 'member_unique' not found
2026-01-22 14:45:43.405 - Object 'PRIMARY' owner 'board_foreign' not found
2026-01-22 14:45:43.405 - Object 'PRIMARY' owner 'member_pk' not found
2026-01-22 14:45:43.405 - Object 'PRIMARY' owner 'member_primary' not found
2026-01-22 14:45:43.408 - Object 'member_check_chk_1' owner 'member_check' not found
2026-01-22 14:45:43.498 - Source or target node not found
2026-01-22 14:45:43.498 - Source or target node not found
2026-01-22 14:45:43.498 - Source or target node not found
2026-01-22 14:45:43.498 - Source or target node not found
2026-01-22 14:45:43.498 - Source or target node not found
2026-01-22 14:45:43.498 - Source or target node not found
2026-01-22 14:45:43.556 - Object 'id' owner 'member_unique' not found
2026-01-22 14:45:43.556 - Object 'PRIMARY' owner 'board_foreign' not found
2026-01-22 14:45:43.556 - Object 'PRIMARY' owner 'member_pk' not found
2026-01-22 14:45:43.556 - Object 'PRIMARY' owner 'member_primary' not found
2026-01-22 14:45:43.557 - Object 'member_check_chk_1' owner 'member_check' not found
2026-01-22 14:45:43.645 - Source or target node not found
2026-01-22 14:45:43.645 - Source or target node not found
2026-01-22 14:45:43.645 - Source or target node not found
2026-01-22 14:45:43.645 - Source or target node not found
2026-01-22 14:45:43.645 - Source or target node not found
2026-01-22 14:45:43.645 - Source or target node not found
2026-01-22 14:45:43.706 - Object 'id' owner 'member_unique' not found
2026-01-22 14:45:43.706 - Object 'PRIMARY' owner 'board_foreign' not found
2026-01-22 14:45:43.706 - Object 'PRIMARY' owner 'member_pk' not found
2026-01-22 14:45:43.706 - Object 'PRIMARY' owner 'member_primary' not found
2026-01-22 14:45:43.707 - Object 'member_check_chk_1' owner 'member_check' not found
2026-01-22 14:45:43.798 - Source or target node not found
2026-01-22 14:45:43.798 - Source or target node not found
2026-01-22 14:45:43.798 - Source or target node not found
2026-01-22 14:45:43.798 - Source or target node not found
2026-01-22 14:45:43.798 - Source or target node not found
2026-01-22 14:45:43.798 - Source or target node not found
2026-01-22 14:45:43.854 - Object 'id' owner 'member_unique' not found
2026-01-22 14:45:43.854 - Object 'PRIMARY' owner 'board_foreign' not found
2026-01-22 14:45:43.854 - Object 'PRIMARY' owner 'member_pk' not found
2026-01-22 14:45:43.854 - Object 'PRIMARY' owner 'member_primary' not found
2026-01-22 14:45:43.855 - Object 'member_check_chk_1' owner 'member_check' not found
2026-01-22 14:45:43.937 - Object 'id' owner 'member_unique' not found
2026-01-22 14:45:43.937 - Object 'PRIMARY' owner 'board_foreign' not found
2026-01-22 14:45:43.937 - Object 'PRIMARY' owner 'member_pk' not found
2026-01-22 14:45:43.937 - Object 'PRIMARY' owner 'member_primary' not found
2026-01-22 14:45:43.938 - Object 'member_check_chk_1' owner 'member_check' not found
2026-01-22 14:45:43.950 - Source or target node not found
2026-01-22 14:45:43.950 - Source or target node not found
2026-01-22 14:45:43.950 - Source or target node not found
2026-01-22 14:45:43.950 - Source or target node not found
2026-01-22 14:45:43.950 - Source or target node not found
2026-01-22 14:45:43.950 - Source or target node not found
2026-01-22 14:45:44.074 - Source or target node not found
2026-01-22 14:45:44.074 - Source or target node not found
2026-01-22 14:45:44.074 - Source or target node not found
2026-01-22 14:45:44.074 - Source or target node not found
2026-01-22 14:45:44.074 - Source or target node not found
2026-01-22 14:45:44.074 - Source or target node not found
2026-01-22 14:45:44.085 - Object 'id' owner 'member_unique' not found
2026-01-22 14:45:44.085 - Object 'PRIMARY' owner 'board_foreign' not found
2026-01-22 14:45:44.085 - Object 'PRIMARY' owner 'member_pk' not found
2026-01-22 14:45:44.085 - Object 'PRIMARY' owner 'member_primary' not found
2026-01-22 14:45:44.086 - Object 'member_check_chk_1' owner 'member_check' not found
2026-01-22 14:45:44.220 - Source or target node not found
2026-01-22 14:45:44.221 - Source or target node not found
2026-01-22 14:45:44.221 - Source or target node not found
2026-01-22 14:45:44.221 - Source or target node not found
2026-01-22 14:45:44.221 - Source or target node not found
2026-01-22 14:45:44.221 - Source or target node not found
2026-01-22 14:45:44.283 - Object 'id' owner 'member_unique' not found
2026-01-22 14:45:44.283 - Object 'PRIMARY' owner 'board_foreign' not found
2026-01-22 14:45:44.283 - Object 'PRIMARY' owner 'member_pk' not found
2026-01-22 14:45:44.283 - Object 'PRIMARY' owner 'member_primary' not found
2026-01-22 14:45:44.284 - Object 'member_check_chk_1' owner 'member_check' not found
2026-01-22 14:45:44.363 - Source or target node not found
2026-01-22 14:45:44.363 - Source or target node not found
2026-01-22 14:45:44.363 - Source or target node not found
2026-01-22 14:45:44.363 - Source or target node not found
2026-01-22 14:45:44.363 - Source or target node not found
2026-01-22 14:45:44.363 - Source or target node not found
2026-01-22 14:45:55.296 - Object 'id' owner 'member_unique' not found
2026-01-22 14:45:55.296 - Object 'PRIMARY' owner 'board_foreign' not found
2026-01-22 14:45:55.296 - Object 'PRIMARY' owner 'member_pk' not found
2026-01-22 14:45:55.296 - Object 'PRIMARY' owner 'member_primary' not found
2026-01-22 14:45:55.299 - Object 'member_check_chk_1' owner 'member_check' not found
2026-01-22 14:45:55.470 - Source or target node not found
2026-01-22 14:45:55.470 - Source or target node not found
2026-01-22 14:45:55.470 - Source or target node not found
2026-01-22 14:45:55.470 - Source or target node not found
2026-01-22 14:45:55.470 - Source or target node not found
2026-01-22 14:45:55.470 - Source or target node not found
2026-01-22 14:45:55.564 - Source or target node not found
2026-01-22 14:45:55.565 - Source or target node not found
2026-01-22 14:45:55.565 - Source or target node not found
2026-01-22 14:45:55.565 - Source or target node not found
2026-01-22 14:45:55.565 - Source or target node not found
2026-01-22 14:45:55.565 - Source or target node not found
2026-01-22 14:48:06.795 - Text parser rule inconsistency: rule failed and the scanned should have been fallbacked, but the current offset is different after attempt to evaluate org.jkiss.dbeaver.model.sql.parser.rules.ScriptParameterRule@459d2ad1
2026-01-22 14:48:15.406 - Source or target node not found
2026-01-22 14:48:15.406 - Source or target node not found
2026-01-22 14:48:15.406 - Source or target node not found
2026-01-22 14:48:15.406 - Source or target node not found
2026-01-22 14:48:15.406 - Source or target node not found
2026-01-22 14:48:15.406 - Source or target node not found
2026-01-22 14:48:19.584 - Source or target node not found
2026-01-22 14:48:19.584 - Source or target node not found
2026-01-22 14:48:19.584 - Source or target node not found
2026-01-22 14:48:19.584 - Source or target node not found
2026-01-22 14:48:19.584 - Source or target node not found
2026-01-22 14:48:19.584 - Source or target node not found
2026-01-22 14:48:19.584 - Source or target node not found
2026-01-22 14:48:19.754 - Source or target node not found
2026-01-22 14:48:19.754 - Source or target node not found
2026-01-22 14:48:19.754 - Source or target node not found
2026-01-22 14:48:19.754 - Source or target node not found
2026-01-22 14:48:19.754 - Source or target node not found
2026-01-22 14:48:19.754 - Source or target node not found
2026-01-22 14:48:19.754 - Source or target node not found
2026-01-22 14:58:03.821 - Source or target node not found
2026-01-22 14:58:03.821 - Source or target node not found
2026-01-22 14:58:03.821 - Source or target node not found
2026-01-22 14:58:03.821 - Source or target node not found
2026-01-22 14:58:03.821 - Source or target node not found
2026-01-22 14:58:03.821 - Source or target node not found
2026-01-22 14:58:03.821 - Source or target node not found
2026-01-22 14:58:05.593 - Source or target node not found
2026-01-22 14:58:05.593 - Source or target node not found
2026-01-22 14:58:05.595 - Source or target node not found
2026-01-22 14:58:05.595 - Source or target node not found
2026-01-22 14:58:05.595 - Source or target node not found
2026-01-22 14:58:05.595 - Source or target node not found
2026-01-22 14:58:05.595 - Source or target node not found
2026-01-22 15:14:12.957 - Error while analyzing query text: DELETE FROM member_primary 
WH
ERE member_primary_id = 1
java.lang.UnsupportedOperationException: Symbol entry origin has already been set
	at org.jkiss.dbeaver.model.sql.semantics.SQLQueryLexicalScopeItem.setOrigin(SQLQueryLexicalScopeItem.java:51)
	at org.jkiss.dbeaver.model.sql.semantics.SQLQuerySymbolEntry.setOrigin(SQLQuerySymbolEntry.java:90)
	at org.jkiss.dbeaver.model.sql.semantics.SQLQuerySemanticUtils.setNamePartsDefinition(SQLQuerySemanticUtils.java:158)
	at org.jkiss.dbeaver.model.sql.semantics.SQLQuerySemanticUtils.setNamePartsDefinition(SQLQuerySemanticUtils.java:125)
	at org.jkiss.dbeaver.model.sql.semantics.model.select.SQLQueryRowsTableDataModel.resolveRowSourcesImpl(SQLQueryRowsTableDataModel.java:170)
	at org.jkiss.dbeaver.model.sql.semantics.model.select.SQLQueryRowsSourceModel.resolveRowSources(SQLQueryRowsSourceModel.java:91)
	at org.jkiss.dbeaver.model.sql.semantics.model.select.SQLQueryRowsCorrelatedSourceModel.resolveRowSourcesImpl(SQLQueryRowsCorrelatedSourceModel.java:118)
	at org.jkiss.dbeaver.model.sql.semantics.model.select.SQLQueryRowsSourceModel.resolveRowSources(SQLQueryRowsSourceModel.java:91)
	at org.jkiss.dbeaver.model.sql.semantics.model.dml.SQLQueryDeleteModel.resolveRowsReferencesImpl(SQLQueryDeleteModel.java:91)
	at org.jkiss.dbeaver.model.sql.semantics.model.dml.SQLQueryDMLStatementModel.resolveObjectAndRowsReferences(SQLQueryDMLStatementModel.java:54)
	at org.jkiss.dbeaver.model.sql.semantics.model.SQLQueryModel.resolveRelations(SQLQueryModel.java:72)
	at org.jkiss.dbeaver.model.sql.semantics.SQLQueryModelRecognizer.recognizeQuery(SQLQueryModelRecognizer.java:154)
	at org.jkiss.dbeaver.model.sql.semantics.SQLQueryModelRecognizer.recognizeQuery(SQLQueryModelRecognizer.java:1026)
	at org.jkiss.dbeaver.ui.editors.sql.semantics.SQLBackgroundParsingJob.doWork(SQLBackgroundParsingJob.java:606)
	at org.jkiss.dbeaver.ui.editors.sql.semantics.SQLBackgroundParsingJob$1.run(SQLBackgroundParsingJob.java:86)
	at org.jkiss.dbeaver.model.runtime.AbstractJob.run(AbstractJob.java:110)
	at org.eclipse.core.internal.jobs.Worker.run(Worker.java:63)
2026-01-22 15:30:31.613 - Execution context closed (localhost, 3)
2026-01-22 15:30:32.631 - Execution context closed (localhost, 5)
2026-01-22 15:31:02.727 - Execution context opened (localhost; SQLEditor <Script-2.sql>; 7)
2026-01-22 15:51:05.333 - Execution context opened (localhost; SQLEditor <Script-2.sql>; 8)
2026-01-22 17:05:44.769 - Can't parse numeric value [Jaeseop] using formatter: For input string: "Jaeseop"
2026-01-22 17:05:44.769 - Can't parse numeric value [Jaeseop] using formatter: For input string: "Jaeseop"
2026-01-22 17:05:44.769 - Can't parse numeric value [Jaeseop] using formatter: For input string: "Jaeseop"
2026-01-22 17:05:44.770 - Can't parse numeric value [Jaeseop] using formatter: For input string: "Jaeseop"
2026-01-22 17:05:44.770 - Can't parse numeric value [Jaeseop] using formatter: For input string: "Jaeseop"
2026-01-22 17:05:46.571 - Can't parse numeric value [Jaeseop] using formatter: For input string: "Jaeseop"
2026-01-22 17:05:46.571 - Can't parse numeric value [Jaeseop] using formatter: For input string: "Jaeseop"
2026-01-22 17:05:46.571 - Can't parse numeric value [Jaeseop] using formatter: For input string: "Jaeseop"
2026-01-22 17:05:46.571 - Can't parse numeric value [Jaeseop] using formatter: For input string: "Jaeseop"
2026-01-22 17:05:46.571 - Can't parse numeric value [Jaeseop] using formatter: For input string: "Jaeseop"
2026-01-22 17:32:47.370 - Restore default sash weights
2026-01-22 17:32:47.492 - Execution context opened (localhost; SQLEditor <Script-3.sql>; 9)
2026-01-22 17:59:16.270 - Can't parse numeric value [salary * 12 * 1.05 AS '인상 후 예상 연봉'] using formatter: For input string: "salary "
2026-01-22 17:59:16.270 - Can't parse numeric value [salary * 12 * 1.05 AS '인상 후 예상 연봉'] using formatter: For input string: "salary "
2026-01-22 17:59:16.272 - Can't parse numeric value [salary * 12 * 1.05 AS '인상 후 예상 연봉'] using formatter: For input string: "salary "
2026-01-22 17:59:16.273 - Can't parse numeric value [salary * 12 * 1.05 AS '인상 후 예상 연봉'] using formatter: For input string: "salary "
2026-01-22 17:59:16.274 - Can't parse numeric value [salary * 12 * 1.05 AS '인상 후 예상 연봉'] using formatter: For input string: "salary "
2026-01-22 17:59:22.719 - Can't parse numeric value [salary * 12 * 1.05 AS '인상 후 예상 연봉'] using formatter: For input string: "salary "
2026-01-22 17:59:22.719 - Can't parse numeric value [salary * 12 * 1.05 AS '인상 후 예상 연봉'] using formatter: For input string: "salary "
2026-01-22 17:59:22.720 - Can't parse numeric value [salary * 12 * 1.05 AS '인상 후 예상 연봉'] using formatter: For input string: "salary "
2026-01-22 17:59:22.720 - Can't parse numeric value [salary * 12 * 1.05 AS '인상 후 예상 연봉'] using formatter: For input string: "salary "
2026-01-22 17:59:22.721 - Can't parse numeric value [salary * 12 * 1.05 AS '인상 후 예상 연봉'] using formatter: For input string: "salary "
2026-01-22 18:00:21.767 - Can't parse numeric value [salary * 12 * 1.05 AS '인상 후 예상 연봉'] using formatter: For input string: "salary "
2026-01-22 18:00:21.767 - Can't parse numeric value [salary * 12 * 1.05 AS '인상 후 예상 연봉'] using formatter: For input string: "salary "
2026-01-22 18:00:21.767 - Can't parse numeric value [salary * 12 * 1.05 AS '인상 후 예상 연봉'] using formatter: For input string: "salary "
2026-01-22 18:00:21.768 - Can't parse numeric value [salary * 12 * 1.05 AS '인상 후 예상 연봉'] using formatter: For input string: "salary "
2026-01-22 18:00:21.768 - Can't parse numeric value [salary * 12 * 1.05 AS '인상 후 예상 연봉'] using formatter: For input string: "salary "
2026-01-22 18:29:06.448 - Execution context closed (localhost, 6)
2026-01-22 18:29:06.476 - Execution context closed (localhost, 7)
2026-01-22 18:29:06.510 - Execution context closed (localhost, 8)
2026-01-22 18:29:06.582 - Execution context closed (localhost, 9)
2026-01-22 18:29:06.716 - Dispose navigator model
2026-01-22 18:29:06.740 - DBeaver is stopping
2026-01-22 18:29:06.748 - Stop instance server
2026-01-22 18:29:07.759 - DBeaver shutdown completed
